Unable to login and get spreadsheet.  Check OAuth credentials, spreadsheet name, and make sure spreadsheet is shared to the client_email address in the OAuth .json file!
Google sheet login failed with error: HTTPSConnectionPool(host='www.googleapis.com', port=443): Max retries exceeded with url: /drive/v3/files?q=mimeType%3D%27application%2Fvnd.google-apps.spreadsheet%27&pageSize=1000&supportsTeamDrives=True&includeTeamDriveItems=True (Caused by NewConnectionError('<urllib3.connection.VerifiedHTTPSConnection object at 0xb59b3df0>: Failed to establish a new connection: [Errno 101] Network is unreachable'))
Unable to login and get spreadsheet.  Check OAuth credentials, spreadsheet name, and make sure spreadsheet is shared to the client_email address in the OAuth .json file!
Google sheet login failed with error: Unable to find the server at oauth2.googleapis.com
Unable to login and get spreadsheet.  Check OAuth credentials, spreadsheet name, and make sure spreadsheet is shared to the client_email address in the OAuth .json file!
Google sheet login failed with error: Unable to find the server at oauth2.googleapis.com
Unable to login and get spreadsheet.  Check OAuth credentials, spreadsheet name, and make sure spreadsheet is shared to the client_email address in the OAuth .json file!
Google sheet login failed with error: Unable to find the server at oauth2.googleapis.com
Unable to login and get spreadsheet.  Check OAuth credentials, spreadsheet name, and make sure spreadsheet is shared to the client_email address in the OAuth .json file!
Google sheet login failed with error: Unable to find the server at oauth2.googleapis.com
Unable to login and get spreadsheet.  Check OAuth credentials, spreadsheet name, and make sure spreadsheet is shared to the client_email address in the OAuth .json file!
Google sheet login failed with error: Unable to find the server at oauth2.googleapis.com
Unable to login and get spreadsheet.  Check OAuth credentials, spreadsheet name, and make sure spreadsheet is shared to the client_email address in the OAuth .json file!
Google sheet login failed with error: Unable to find the server at oauth2.googleapis.com
Unable to login and get spreadsheet.  Check OAuth credentials, spreadsheet name, and make sure spreadsheet is shared to the client_email address in the OAuth .json file!
Google sheet login failed with error: Unable to find the server at oauth2.googleapis.com
Unable to login and get spreadsheet.  Check OAuth credentials, spreadsheet name, and make sure spreadsheet is shared to the client_email address in the OAuth .json file!
Google sheet login failed with error: Unable to find the server at oauth2.googleapis.com
Unable to login and get spreadsheet.  Check OAuth credentials, spreadsheet name, and make sure spreadsheet is shared to the client_email address in the OAuth .json file!
Google sheet login failed with error: Unable to find the server at oauth2.googleapis.com
Unable to login and get spreadsheet.  Check OAuth credentials, spreadsheet name, and make sure spreadsheet is shared to the client_email address in the OAuth .json file!
Google sheet login failed with error: Unable to find the server at oauth2.googleapis.com
Unable to login and get spreadsheet.  Check OAuth credentials, spreadsheet name, and make sure spreadsheet is shared to the client_email address in the OAuth .json file!
Google sheet login failed with error: Unable to find the server at oauth2.googleapis.com
Unable to login and get spreadsheet.  Check OAuth credentials, spreadsheet name, and make sure spreadsheet is shared to the client_email address in the OAuth .json file!
Google sheet login failed with error: HTTPSConnectionPool(host='sheets.googleapis.com', port=443): Max retries exceeded with url: /v4/spreadsheets/1fEJ2sFFsNOl7_aFHLasMjcLDOrnXKOy-QslHcfnlNis?includeGridData=false (Caused by NewConnectionError('<urllib3.connection.VerifiedHTTPSConnection object at 0xb595d0b0>: Failed to establish a new connection: [Errno 101] Network is unreachable'))
Unable to login and get spreadsheet.  Check OAuth credentials, spreadsheet name, and make sure spreadsheet is shared to the client_email address in the OAuth .json file!
Google sheet login failed with error: Unable to find the server at oauth2.googleapis.com
Unable to login and get spreadsheet.  Check OAuth credentials, spreadsheet name, and make sure spreadsheet is shared to the client_email address in the OAuth .json file!
Google sheet login failed with error: Unable to find the server at oauth2.googleapis.com
Unable to login and get spreadsheet.  Check OAuth credentials, spreadsheet name, and make sure spreadsheet is shared to the client_email address in the OAuth .json file!
Google sheet login failed with error: Unable to find the server at oauth2.googleapis.com
Unable to login and get spreadsheet.  Check OAuth credentials, spreadsheet name, and make sure spreadsheet is shared to the client_email address in the OAuth .json file!
Google sheet login failed with error: Unable to find the server at oauth2.googleapis.com
Unable to login and get spreadsheet.  Check OAuth credentials, spreadsheet name, and make sure spreadsheet is shared to the client_email address in the OAuth .json file!
Google sheet login failed with error: Unable to find the server at oauth2.googleapis.com
Unable to login and get spreadsheet.  Check OAuth credentials, spreadsheet name, and make sure spreadsheet is shared to the client_email address in the OAuth .json file!
Google sheet login failed with error: Unable to find the server at oauth2.googleapis.com
Unable to login and get spreadsheet.  Check OAuth credentials, spreadsheet name, and make sure spreadsheet is shared to the client_email address in the OAuth .json file!
Google sheet login failed with error: Unable to find the server at oauth2.googleapis.com
Unable to login and get spreadsheet.  Check OAuth credentials, spreadsheet name, and make sure spreadsheet is shared to the client_email address in the OAuth .json file!
Google sheet login failed with error: Unable to find the server at oauth2.googleapis.com
Unable to login and get spreadsheet.  Check OAuth credentials, spreadsheet name, and make sure spreadsheet is shared to the client_email address in the OAuth .json file!
Google sheet login failed with error: ('Connection aborted.', OSError("(32, 'EPIPE')"))
Unable to login and get spreadsheet.  Check OAuth credentials, spreadsheet name, and make sure spreadsheet is shared to the client_email address in the OAuth .json file!
Google sheet login failed with error: Unable to find the server at oauth2.googleapis.com
Unable to login and get spreadsheet.  Check OAuth credentials, spreadsheet name, and make sure spreadsheet is shared to the client_email address in the OAuth .json file!
Google sheet login failed with error: Unable to find the server at oauth2.googleapis.com
Unable to login and get spreadsheet.  Check OAuth credentials, spreadsheet name, and make sure spreadsheet is shared to the client_email address in the OAuth .json file!
Google sheet login failed with error: Unable to find the server at oauth2.googleapis.com
Unable to login and get spreadsheet.  Check OAuth credentials, spreadsheet name, and make sure spreadsheet is shared to the client_email address in the OAuth .json file!
Google sheet login failed with error: Unable to find the server at oauth2.googleapis.com
Unable to login and get spreadsheet.  Check OAuth credentials, spreadsheet name, and make sure spreadsheet is shared to the client_email address in the OAuth .json file!
Google sheet login failed with error: Unable to find the server at oauth2.googleapis.com
Unable to login and get spreadsheet.  Check OAuth credentials, spreadsheet name, and make sure spreadsheet is shared to the client_email address in the OAuth .json file!
Google sheet login failed with error: Unable to find the server at oauth2.googleapis.com
Unable to login and get spreadsheet.  Check OAuth credentials, spreadsheet name, and make sure spreadsheet is shared to the client_email address in the OAuth .json file!
Google sheet login failed with error: Unable to find the server at oauth2.googleapis.com
Unable to login and get spreadsheet.  Check OAuth credentials, spreadsheet name, and make sure spreadsheet is shared to the client_email address in the OAuth .json file!
Google sheet login failed with error: Unable to find the server at oauth2.googleapis.com
Unable to login and get spreadsheet.  Check OAuth credentials, spreadsheet name, and make sure spreadsheet is shared to the client_email address in the OAuth .json file!
Google sheet login failed with error: Unable to find the server at oauth2.googleapis.com
Unable to login and get spreadsheet.  Check OAuth credentials, spreadsheet name, and make sure spreadsheet is shared to the client_email address in the OAuth .json file!
Google sheet login failed with error: Unable to find the server at oauth2.googleapis.com
Unable to login and get spreadsheet.  Check OAuth credentials, spreadsheet name, and make sure spreadsheet is shared to the client_email address in the OAuth .json file!
Google sheet login failed with error: Unable to find the server at oauth2.googleapis.com
Unable to login and get spreadsheet.  Check OAuth credentials, spreadsheet name, and make sure spreadsheet is shared to the client_email address in the OAuth .json file!
Google sheet login failed with error: Unable to find the server at oauth2.googleapis.com
Unable to login and get spreadsheet.  Check OAuth credentials, spreadsheet name, and make sure spreadsheet is shared to the client_email address in the OAuth .json file!
Google sheet login failed with error: Unable to find the server at oauth2.googleapis.com
Unable to login and get spreadsheet.  Check OAuth credentials, spreadsheet name, and make sure spreadsheet is shared to the client_email address in the OAuth .json file!
Google sheet login failed with error: Unable to find the server at oauth2.googleapis.com
Unable to login and get spreadsheet.  Check OAuth credentials, spreadsheet name, and make sure spreadsheet is shared to the client_email address in the OAuth .json file!
Google sheet login failed with error: Unable to find the server at oauth2.googleapis.com
Unable to login and get spreadsheet.  Check OAuth credentials, spreadsheet name, and make sure spreadsheet is shared to the client_email address in the OAuth .json file!
Google sheet login failed with error: Unable to find the server at oauth2.googleapis.com
Unable to login and get spreadsheet.  Check OAuth credentials, spreadsheet name, and make sure spreadsheet is shared to the client_email address in the OAuth .json file!
Google sheet login failed with error: Unable to find the server at oauth2.googleapis.com
Unable to login and get spreadsheet.  Check OAuth credentials, spreadsheet name, and make sure spreadsheet is shared to the client_email address in the OAuth .json file!
Google sheet login failed with error: Unable to find the server at oauth2.googleapis.com
Unable to login and get spreadsheet.  Check OAuth credentials, spreadsheet name, and make sure spreadsheet is shared to the client_email address in the OAuth .json file!
Google sheet login failed with error: Unable to find the server at oauth2.googleapis.com
Unable to login and get spreadsheet.  Check OAuth credentials, spreadsheet name, and make sure spreadsheet is shared to the client_email address in the OAuth .json file!
Google sheet login failed with error: Unable to find the server at oauth2.googleapis.com
Unable to login and get spreadsheet.  Check OAuth credentials, spreadsheet name, and make sure spreadsheet is shared to the client_email address in the OAuth .json file!
Google sheet login failed with error: Unable to find the server at oauth2.googleapis.com
Unable to login and get spreadsheet.  Check OAuth credentials, spreadsheet name, and make sure spreadsheet is shared to the client_email address in the OAuth .json file!
Google sheet login failed with error: HTTPSConnectionPool(host='sheets.googleapis.com', port=443): Max retries exceeded with url: /v4/spreadsheets/1fEJ2sFFsNOl7_aFHLasMjcLDOrnXKOy-QslHcfnlNis?includeGridData=false (Caused by NewConnectionError('<urllib3.connection.VerifiedHTTPSConnection object at 0xb5991950>: Failed to establish a new connection: [Errno 101] Network is unreachable'))
Unable to login and get spreadsheet.  Check OAuth credentials, spreadsheet name, and make sure spreadsheet is shared to the client_email address in the OAuth .json file!
Google sheet login failed with error: HTTPSConnectionPool(host='sheets.googleapis.com', port=443): Max retries exceeded with url: /v4/spreadsheets/1fEJ2sFFsNOl7_aFHLasMjcLDOrnXKOy-QslHcfnlNis?includeGridData=false (Caused by NewConnectionError('<urllib3.connection.VerifiedHTTPSConnection object at 0xb58e0eb0>: Failed to establish a new connection: [Errno 101] Network is unreachable'))
Unable to login and get spreadsheet.  Check OAuth credentials, spreadsheet name, and make sure spreadsheet is shared to the client_email address in the OAuth .json file!
Google sheet login failed with error: HTTPSConnectionPool(host='www.googleapis.com', port=443): Max retries exceeded with url: /drive/v3/files?q=mimeType%3D%27application%2Fvnd.google-apps.spreadsheet%27&pageSize=1000&supportsTeamDrives=True&includeTeamDriveItems=True (Caused by NewConnectionError('<urllib3.connection.VerifiedHTTPSConnection object at 0xb5933750>: Failed to establish a new connection: [Errno 101] Network is unreachable'))
Unable to login and get spreadsheet.  Check OAuth credentials, spreadsheet name, and make sure spreadsheet is shared to the client_email address in the OAuth .json file!
Google sheet login failed with error: HTTPSConnectionPool(host='www.googleapis.com', port=443): Max retries exceeded with url: /drive/v3/files?q=mimeType%3D%27application%2Fvnd.google-apps.spreadsheet%27&pageSize=1000&supportsTeamDrives=True&includeTeamDriveItems=True (Caused by NewConnectionError('<urllib3.connection.VerifiedHTTPSConnection object at 0xb5933ab0>: Failed to establish a new connection: [Errno 101] Network is unreachable'))
Unable to login and get spreadsheet.  Check OAuth credentials, spreadsheet name, and make sure spreadsheet is shared to the client_email address in the OAuth .json file!
Google sheet login failed with error: HTTPSConnectionPool(host='sheets.googleapis.com', port=443): Max retries exceeded with url: /v4/spreadsheets/1fEJ2sFFsNOl7_aFHLasMjcLDOrnXKOy-QslHcfnlNis?includeGridData=false (Caused by NewConnectionError('<urllib3.connection.VerifiedHTTPSConnection object at 0xb58cd490>: Failed to establish a new connection: [Errno 101] Network is unreachable'))
Unable to login and get spreadsheet.  Check OAuth credentials, spreadsheet name, and make sure spreadsheet is shared to the client_email address in the OAuth .json file!
Google sheet login failed with error: Unable to find the server at oauth2.googleapis.com
Unable to login and get spreadsheet.  Check OAuth credentials, spreadsheet name, and make sure spreadsheet is shared to the client_email address in the OAuth .json file!
Google sheet login failed with error: HTTPSConnectionPool(host='www.googleapis.com', port=443): Max retries exceeded with url: /drive/v3/files?q=mimeType%3D%27application%2Fvnd.google-apps.spreadsheet%27&pageSize=1000&supportsTeamDrives=True&includeTeamDriveItems=True (Caused by NewConnectionError('<urllib3.connection.VerifiedHTTPSConnection object at 0xb59c6630>: Failed to establish a new connection: [Errno 101] Network is unreachable'))
Unable to login and get spreadsheet.  Check OAuth credentials, spreadsheet name, and make sure spreadsheet is shared to the client_email address in the OAuth .json file!
Google sheet login failed with error: HTTPSConnectionPool(host='www.googleapis.com', port=443): Max retries exceeded with url: /drive/v3/files?q=mimeType%3D%27application%2Fvnd.google-apps.spreadsheet%27&pageSize=1000&supportsTeamDrives=True&includeTeamDriveItems=True (Caused by NewConnectionError('<urllib3.connection.VerifiedHTTPSConnection object at 0xb58c93f0>: Failed to establish a new connection: [Errno 101] Network is unreachable'))
Unable to login and get spreadsheet.  Check OAuth credentials, spreadsheet name, and make sure spreadsheet is shared to the client_email address in the OAuth .json file!
Google sheet login failed with error: HTTPSConnectionPool(host='www.googleapis.com', port=443): Max retries exceeded with url: /drive/v3/files?q=mimeType%3D%27application%2Fvnd.google-apps.spreadsheet%27&pageSize=1000&supportsTeamDrives=True&includeTeamDriveItems=True (Caused by NewConnectionError('<urllib3.connection.VerifiedHTTPSConnection object at 0xb59febd0>: Failed to establish a new connection: [Errno -3] Temporary failure in name resolution'))
Unable to login and get spreadsheet.  Check OAuth credentials, spreadsheet name, and make sure spreadsheet is shared to the client_email address in the OAuth .json file!
Google sheet login failed with error: Unable to find the server at oauth2.googleapis.com
Unable to login and get spreadsheet.  Check OAuth credentials, spreadsheet name, and make sure spreadsheet is shared to the client_email address in the OAuth .json file!
Google sheet login failed with error: Unable to find the server at oauth2.googleapis.com
Unable to login and get spreadsheet.  Check OAuth credentials, spreadsheet name, and make sure spreadsheet is shared to the client_email address in the OAuth .json file!
Google sheet login failed with error: Unable to find the server at oauth2.googleapis.com
Unable to login and get spreadsheet.  Check OAuth credentials, spreadsheet name, and make sure spreadsheet is shared to the client_email address in the OAuth .json file!
Google sheet login failed with error: HTTPSConnectionPool(host='www.googleapis.com', port=443): Max retries exceeded with url: /drive/v3/files?q=mimeType%3D%27application%2Fvnd.google-apps.spreadsheet%27&pageSize=1000&supportsTeamDrives=True&includeTeamDriveItems=True (Caused by NewConnectionError('<urllib3.connection.VerifiedHTTPSConnection object at 0xb599db10>: Failed to establish a new connection: [Errno -3] Temporary failure in name resolution'))
Unable to login and get spreadsheet.  Check OAuth credentials, spreadsheet name, and make sure spreadsheet is shared to the client_email address in the OAuth .json file!
Google sheet login failed with error: HTTPSConnectionPool(host='www.googleapis.com', port=443): Max retries exceeded with url: /drive/v3/files?q=mimeType%3D%27application%2Fvnd.google-apps.spreadsheet%27&pageSize=1000&supportsTeamDrives=True&includeTeamDriveItems=True (Caused by NewConnectionError('<urllib3.connection.VerifiedHTTPSConnection object at 0xb5952790>: Failed to establish a new connection: [Errno 101] Network is unreachable'))
 * Serving Flask app "application.py" (lazy loading)
 * Environment: development
 * Debug mode: on
 * Running on http://0.0.0.0:8000/ (Press CTRL+C to quit)
 * Restarting with stat
 * Debugger is active!
 * Debugger PIN: 775-364-008
192.168.43.1 - - [15/Dec/2019 08:04:35] "GET /day/li HTTP/1.1" 200 -
192.168.43.1 - - [15/Dec/2019 08:04:37] "GET /static/style.css HTTP/1.1" 200 -
192.168.43.1 - - [15/Dec/2019 08:04:46] "GET /favicon.ico HTTP/1.1" 404 -
192.168.43.1 - - [15/Dec/2019 08:05:00] "GET /week/li HTTP/1.1" 200 -
192.168.43.1 - - [15/Dec/2019 08:05:01] "GET /static/style.css HTTP/1.1" 200 -
192.168.43.216 - - [15/Dec/2019 08:07:11] "GET / HTTP/1.1" 200 -
192.168.43.216 - - [15/Dec/2019 08:07:11] "GET /static/style.css HTTP/1.1" 200 -
192.168.43.216 - - [15/Dec/2019 08:07:13] "GET /favicon.ico HTTP/1.1" 404 -
192.168.43.216 - - [15/Dec/2019 08:07:21] "GET /day/li HTTP/1.1" 200 -
192.168.43.216 - - [15/Dec/2019 08:07:21] "GET /static/style.css HTTP/1.1" 200 -
192.168.43.216 - - [15/Dec/2019 08:07:57] "GET /week/li HTTP/1.1" 200 -
192.168.43.216 - - [15/Dec/2019 08:07:59] "GET /static/style.css HTTP/1.1" 200 -
192.168.43.216 - - [15/Dec/2019 08:09:16] "GET /month/li HTTP/1.1" 200 -
192.168.43.216 - - [15/Dec/2019 08:09:16] "GET /static/style.css HTTP/1.1" 200 -
192.168.43.1 - - [15/Dec/2019 08:10:24] "GET /day/li HTTP/1.1" 200 -
192.168.43.1 - - [15/Dec/2019 08:10:25] "GET /static/style.css HTTP/1.1" 200 -
192.168.43.216 - - [15/Dec/2019 08:10:27] "GET /day/li HTTP/1.1" 200 -
192.168.43.216 - - [15/Dec/2019 08:10:27] "GET /static/style.css HTTP/1.1" 200 -
192.168.43.216 - - [15/Dec/2019 08:25:50] "GET /day/li HTTP/1.1" 200 -
192.168.43.216 - - [15/Dec/2019 08:25:51] "GET /static/style.css HTTP/1.1" 200 -
